/__w/ikarus/ikarus/repo/ikarus/io/resultfunction.hh:42: error: Missing argument of '\relates' command
/__w/ikarus/ikarus/repo/ikarus/python/finiteelements/fe.hh:5: error: the name 'traction.hh' supplied as the argument in the \file statement matches the following input files:
   /__w/ikarus/ikarus/repo/ikarus/finiteelements/mechanics/loads/traction.hh
   /__w/ikarus/ikarus/repo/ikarus/python/finiteelements/loads/traction.hh
Please use a more specific name by including a (larger) part of the path!
/__w/ikarus/ikarus/repo/ikarus/finiteelements/febase.hh:82: error: no matching class member found for 
  FEInit< PreFE, FE >
Possible candidates:
  'Ikarus::Impl::FEInit< PreFE, FE >::FEInit(const BasisHandler &basisHandler)' at line 57 of file /__w/ikarus/ikarus/repo/ikarus/finiteelements/febase.hh

/__w/ikarus/ikarus/repo/ikarus/utils/observer/observer.hh:232: error: no matching class member found for 
  template < MT >
  void Ikarus::IObservable< MT >::subscribeAll(std::shared_ptr< Ikarus::IObserver< MT > > observer)
Possible candidates:
  'void Ikarus::IObservable< MessageType >::subscribeAll(std::shared_ptr< IObserver< MessageType > > observer)' at line 146 of file /__w/ikarus/ikarus/repo/ikarus/utils/observer/observer.hh
  'void Ikarus::IObservable< MessageType >::subscribeAll(std::initializer_list< std::shared_ptr< IObserver< MessageType > > > observers)' at line 151 of file /__w/ikarus/ikarus/repo/ikarus/utils/observer/observer.hh

/__w/ikarus/ikarus/repo/ikarus/utils/observer/observer.hh:238: error: no matching class member found for 
  template < MT >
  void Ikarus::IObservable< MT >::subscribeAll(std::initializer_list< std::shared_ptr< Ikarus::IObserver< MT > > > observers)
Possible candidates:
  'void Ikarus::IObservable< MessageType >::subscribeAll(std::shared_ptr< IObserver< MessageType > > observer)' at line 146 of file /__w/ikarus/ikarus/repo/ikarus/utils/observer/observer.hh
  'void Ikarus::IObservable< MessageType >::subscribeAll(std::initializer_list< std::shared_ptr< IObserver< MessageType > > > observers)' at line 151 of file /__w/ikarus/ikarus/repo/ikarus/utils/observer/observer.hh

/__w/ikarus/ikarus/repo/ikarus/finiteelements/feresulttypes.hh:103: error: argument 'MaxColsExprexpression' of command @param is not found in the argument list of REGISTER_RESERVED_RESULTTYPE(resultTypeName, rowsExpr, colsExpr, MaxRowsExpr, MaxColsExpr)
/__w/ikarus/ikarus/repo/ikarus/finiteelements/feresulttypes.hh:103: error: The following parameter of REGISTER_RESERVED_RESULTTYPE(resultTypeName, rowsExpr, colsExpr, MaxRowsExpr, MaxColsExpr) is not documented:
  parameter 'MaxColsExpr'
/__w/ikarus/ikarus/repo/ikarus/linearalgebra/truncatedconjugategradient.hh:231: error: argument '_alginfo' of command @param is not found in the argument list of Eigen::TruncatedConjugateGradient< M, upLo, PC >::setInfo(TCGInfo< typename MatrixType::RealScalar > alginfo)
/__w/ikarus/ikarus/repo/ikarus/linearalgebra/truncatedconjugategradient.hh:231: error: The following parameter of Eigen::TruncatedConjugateGradient::setInfo(TCGInfo< typename MatrixType::RealScalar > alginfo) is not documented:
  parameter 'alginfo'
/__w/ikarus/ikarus/repo/ikarus/finiteelements/mechanics/materials/vanishingstress.hh:310: error: argument 'p_tol' of command @param is not found in the argument list of Ikarus::beamMaterial(const MaterialImpl &mat, typename MaterialImpl::ScalarType tol=1e-8)
/__w/ikarus/ikarus/repo/ikarus/finiteelements/mechanics/materials/vanishingstress.hh:310: error: The following parameter of Ikarus::beamMaterial(const MaterialImpl &mat, typename MaterialImpl::ScalarType tol=1e-8) is not documented:
  parameter 'tol'
/__w/ikarus/ikarus/repo/ikarus/utils/observer/controlvtkwriter.hh:69: error: argument 'p_name' of command @param is not found in the argument list of Ikarus::ControlSubsamplingVertexVTKWriter< B >::setFileNamePrefix(std::string &&name)
/__w/ikarus/ikarus/repo/ikarus/utils/observer/controlvtkwriter.hh:69: error: The following parameter of Ikarus::ControlSubsamplingVertexVTKWriter::setFileNamePrefix(std::string &&name) is not documented:
  parameter 'name'
/__w/ikarus/ikarus/repo/ikarus/utils/observer/genericobserver.hh:36: error: argument 'p_message' of command @param is not found in the argument list of Ikarus::GenericObserver< M >::GenericObserver(Messages message, F &&f)
/__w/ikarus/ikarus/repo/ikarus/utils/observer/genericobserver.hh:36: error: argument 'p_f' of command @param is not found in the argument list of Ikarus::GenericObserver< M >::GenericObserver(Messages message, F &&f)
/__w/ikarus/ikarus/repo/ikarus/utils/observer/genericobserver.hh:36: error: The following parameters of Ikarus::GenericObserver::GenericObserver(Messages message, F &&f) are not documented:
  parameter 'message'
  parameter 'f'
/__w/ikarus/ikarus/repo/ikarus/solver/nonlinearsolver/newtonraphsonwithscalarsubsidiaryfunction.hh:71: error: argument 'p_settings' of command @param is not found in the argument list of Ikarus::NewtonRaphsonWithSubsidiaryFunction< NLO, LS, UF >::setup(const NewtonRaphsonWithSubsidiaryFunctionSettings &settings)
/__w/ikarus/ikarus/repo/ikarus/solver/nonlinearsolver/newtonraphsonwithscalarsubsidiaryfunction.hh:71: error: The following parameter of Ikarus::NewtonRaphsonWithSubsidiaryFunction::setup(const NewtonRaphsonWithSubsidiaryFunctionSettings &settings) is not documented:
  parameter 'settings'
/__w/ikarus/ikarus/repo/ikarus/finiteelements/mechanics/nonlinearelastic.hh:251: error: The following parameter of Ikarus::NonLinearElastic::calculateMatrixImpl(const FERequirementType &par, typename Traits::template MatrixType<> K, const std::optional< std::reference_wrapper< const Eigen::VectorX< ScalarType > > > &dx=std::nullopt) const is not documented:
  parameter 'dx'
/__w/ikarus/ikarus/repo/ikarus/solver/nonlinearsolver/trustregion.hh:153: error: argument 'p_settings' of command @param is not found in the argument list of Ikarus::TrustRegion< NLO, preConditioner, UF >::setup(const TrustRegionSettings &settings)
/__w/ikarus/ikarus/repo/ikarus/solver/nonlinearsolver/trustregion.hh:153: error: The following parameter of Ikarus::TrustRegion::setup(const TrustRegionSettings &settings) is not documented:
  parameter 'settings'
/__w/ikarus/ikarus/repo/ikarus/python/finiteelements/fe.hh:25: error: argument 'feRequirements' of command @param is not found in the argument list of Ikarus::Python::registerCalculateAt(pybind11::handle scope, pybind11::class_< FE, options... > cls, auto restultTypesTuple)
/__w/ikarus/ikarus/repo/ikarus/python/finiteelements/fe.hh:25: error: argument 'local' of command @param is not found in the argument list of Ikarus::Python::registerCalculateAt(pybind11::handle scope, pybind11::class_< FE, options... > cls, auto restultTypesTuple)
/__w/ikarus/ikarus/repo/ikarus/python/finiteelements/fe.hh:25: error: argument 'resultType' of command @param is not found in the argument list of Ikarus::Python::registerCalculateAt(pybind11::handle scope, pybind11::class_< FE, options... > cls, auto restultTypesTuple)
/__w/ikarus/ikarus/repo/ikarus/python/finiteelements/fe.hh:25: error: found documented return type for Ikarus::Python::registerCalculateAt that does not return anything
/__w/ikarus/ikarus/repo/ikarus/io/resultevaluators.hh:69: error: Found unknown command '\sigma_1'
/__w/ikarus/ikarus/repo/ikarus/io/resultevaluators.hh:69: error: Found unknown command '\sigma_2'
/__w/ikarus/ikarus/repo/ikarus/utils/observer/controlvtkwriter.hh:69: error: argument 'p_name' of command @param is not found in the argument list of Ikarus::ControlSubsamplingVertexVTKWriter< B >::setFileNamePrefix(std::string &&name)
/__w/ikarus/ikarus/repo/ikarus/utils/observer/controlvtkwriter.hh:69: error: The following parameter of Ikarus::ControlSubsamplingVertexVTKWriter::setFileNamePrefix(std::string &&name) is not documented:
  parameter 'name'
/__w/ikarus/ikarus/repo/ikarus/finiteelements/mixin.hh:74: error: The following parameter of Ikarus::FEMixin::calculateScalar(const FEMixin &self, const FERequirementType &par) is not documented:
  parameter 'self'
/__w/ikarus/ikarus/repo/ikarus/finiteelements/mixin.hh:85: error: The following parameter of Ikarus::FEMixin::calculateVector(const FEMixin &self, const FERequirementType &par, typename Traits::template VectorType<> force) is not documented:
  parameter 'self'
/__w/ikarus/ikarus/repo/ikarus/finiteelements/mixin.hh:97: error: The following parameter of Ikarus::FEMixin::calculateMatrix(const FEMixin &self, const FERequirementType &par, typename Traits::template MatrixType<> K) is not documented:
  parameter 'self'
/__w/ikarus/ikarus/repo/ikarus/utils/observer/genericobserver.hh:36: error: argument 'p_message' of command @param is not found in the argument list of Ikarus::GenericObserver< M >::GenericObserver(Messages message, F &&f)
/__w/ikarus/ikarus/repo/ikarus/utils/observer/genericobserver.hh:36: error: argument 'p_f' of command @param is not found in the argument list of Ikarus::GenericObserver< M >::GenericObserver(Messages message, F &&f)
/__w/ikarus/ikarus/repo/ikarus/utils/observer/genericobserver.hh:36: error: The following parameters of Ikarus::GenericObserver::GenericObserver(Messages message, F &&f) are not documented:
  parameter 'message'
  parameter 'f'
/__w/ikarus/ikarus/repo/ikarus/solver/nonlinearsolver/newtonraphsonwithscalarsubsidiaryfunction.hh:71: error: argument 'p_settings' of command @param is not found in the argument list of Ikarus::NewtonRaphsonWithSubsidiaryFunction< NLO, LS, UF >::setup(const NewtonRaphsonWithSubsidiaryFunctionSettings &settings)
/__w/ikarus/ikarus/repo/ikarus/solver/nonlinearsolver/newtonraphsonwithscalarsubsidiaryfunction.hh:71: error: The following parameter of Ikarus::NewtonRaphsonWithSubsidiaryFunction::setup(const NewtonRaphsonWithSubsidiaryFunctionSettings &settings) is not documented:
  parameter 'settings'
/__w/ikarus/ikarus/repo/ikarus/finiteelements/mechanics/nonlinearelastic.hh:251: error: The following parameter of Ikarus::NonLinearElastic::calculateMatrixImpl(const FERequirementType &par, typename Traits::template MatrixType<> K, const std::optional< std::reference_wrapper< const Eigen::VectorX< ScalarType > > > &dx=std::nullopt) const is not documented:
  parameter 'dx'
/__w/ikarus/ikarus/repo/ikarus/io/resultevaluators.hh:69: error: Found unknown command '\sigma_1'
/__w/ikarus/ikarus/repo/ikarus/io/resultevaluators.hh:69: error: Found unknown command '\sigma_2'
/__w/ikarus/ikarus/repo/ikarus/linearalgebra/truncatedconjugategradient.hh:231: error: argument '_alginfo' of command @param is not found in the argument list of Eigen::TruncatedConjugateGradient< M, upLo, PC >::setInfo(TCGInfo< typename MatrixType::RealScalar > alginfo)
/__w/ikarus/ikarus/repo/ikarus/linearalgebra/truncatedconjugategradient.hh:231: error: The following parameter of Eigen::TruncatedConjugateGradient::setInfo(TCGInfo< typename MatrixType::RealScalar > alginfo) is not documented:
  parameter 'alginfo'
/__w/ikarus/ikarus/repo/ikarus/solver/nonlinearsolver/trustregion.hh:153: error: argument 'p_settings' of command @param is not found in the argument list of Ikarus::TrustRegion< NLO, preConditioner, UF >::setup(const TrustRegionSettings &settings)
/__w/ikarus/ikarus/repo/ikarus/solver/nonlinearsolver/trustregion.hh:153: error: The following parameter of Ikarus::TrustRegion::setup(const TrustRegionSettings &settings) is not documented:
  parameter 'settings'
/__w/ikarus/ikarus/repo/ikarus/finiteelements/mechanics/materials/vanishingstress.hh:310: error: argument 'p_tol' of command @param is not found in the argument list of Ikarus::beamMaterial(const MaterialImpl &mat, typename MaterialImpl::ScalarType tol=1e-8)
/__w/ikarus/ikarus/repo/ikarus/finiteelements/mechanics/materials/vanishingstress.hh:310: error: The following parameter of Ikarus::beamMaterial(const MaterialImpl &mat, typename MaterialImpl::ScalarType tol=1e-8) is not documented:
  parameter 'tol'
/__w/ikarus/ikarus/repo/ikarus/python/finiteelements/fe.hh:25: error: argument 'feRequirements' of command @param is not found in the argument list of Ikarus::Python::registerCalculateAt(pybind11::handle scope, pybind11::class_< FE, options... > cls, auto restultTypesTuple)
/__w/ikarus/ikarus/repo/ikarus/python/finiteelements/fe.hh:25: error: argument 'local' of command @param is not found in the argument list of Ikarus::Python::registerCalculateAt(pybind11::handle scope, pybind11::class_< FE, options... > cls, auto restultTypesTuple)
/__w/ikarus/ikarus/repo/ikarus/python/finiteelements/fe.hh:25: error: argument 'resultType' of command @param is not found in the argument list of Ikarus::Python::registerCalculateAt(pybind11::handle scope, pybind11::class_< FE, options... > cls, auto restultTypesTuple)
/__w/ikarus/ikarus/repo/ikarus/finiteelements/feresulttypes.hh:103: error: argument 'MaxColsExprexpression' of command @param is not found in the argument list of REGISTER_RESERVED_RESULTTYPE(resultTypeName, rowsExpr, colsExpr, MaxRowsExpr, MaxColsExpr)
/__w/ikarus/ikarus/repo/ikarus/finiteelements/feresulttypes.hh:103: error: The following parameter of REGISTER_RESERVED_RESULTTYPE(resultTypeName, rowsExpr, colsExpr, MaxRowsExpr, MaxColsExpr) is not documented:
  parameter 'MaxColsExpr'
